2022-10-23 19:08:43,627  start program
2022-10-23 19:09:50,894  request from js to get data
2022-10-23 19:09:53,127  successful in request price from meta
2022-10-23 19:09:53,127  start send data to server
2022-10-23 19:09:53,127  start prepear data for send to server
2022-10-23 19:09:53,127  data type is dict and convert to json
2022-10-23 19:09:53,666  return state from server== {'state': 'ok'}
2022-10-23 19:09:53,666  successful send data to server...
2022-10-23 19:09:53,673  request from js to get data
2022-10-23 19:09:53,676  successful in request price from meta
2022-10-23 19:09:53,676  start send data to server
2022-10-23 19:09:53,676  start prepear data for send to server
2022-10-23 19:09:53,686  data type is dict and convert to json
2022-10-23 19:09:54,053  return state from server== {'state': 'ok'}
2022-10-23 19:09:54,053  successful send data to server...
2022-10-23 19:10:00,078  request from js to get data
2022-10-23 19:10:01,098  successful in request price from meta
2022-10-23 19:10:01,098  start send data to server
2022-10-23 19:10:01,098  start prepear data for send to server
2022-10-23 19:10:01,098  data type is dict and convert to json
2022-10-23 19:10:01,499  return state from server== {'state': 'ok'}
2022-10-23 19:10:01,499  successful send data to server...
