2022-10-25 12:11:03,670  start send to server
2022-10-25 12:11:03,670  type of request is get or post
2022-10-25 12:11:03,670  methods is post and add Send-Time, url, data, timeout
2022-10-25 12:11:03,670  try for request
2022-10-25 12:11:03,701  status code is 200 and everything is oK
2022-10-25 12:12:02,326  start send to server
2022-10-25 12:12:02,326  type of request is get or post
2022-10-25 12:12:02,326  methods is post and add Send-Time, url, data, timeout
2022-10-25 12:12:02,327  try for request
2022-10-25 12:12:04,386  connection error
2022-10-25 12:12:09,393  start send to server
2022-10-25 12:12:09,394  type of request is get or post
2022-10-25 12:12:09,394  methods is post and add Send-Time, url, data, timeout
2022-10-25 12:12:09,394  try for request
2022-10-25 12:12:11,446  connection error
2022-10-25 12:12:16,456  start send to server
2022-10-25 12:12:16,456  type of request is get or post
2022-10-25 12:12:16,456  methods is post and add Send-Time, url, data, timeout
2022-10-25 12:12:16,456  try for request
2022-10-25 12:12:18,528  connection error
2022-10-25 12:12:23,545  start send to server
2022-10-25 12:12:23,546  type of request is get or post
2022-10-25 12:12:23,546  methods is post and add Send-Time, url, data, timeout
2022-10-25 12:12:23,546  try for request
2022-10-25 12:12:25,614  connection error
2022-10-25 12:12:30,623  start send to server
2022-10-25 12:12:30,624  type of request is get or post
2022-10-25 12:12:30,624  methods is post and add Send-Time, url, data, timeout
2022-10-25 12:12:30,624  try for request
2022-10-25 12:12:32,690  connection error
2022-10-25 12:12:37,705  start send to server
2022-10-25 12:12:37,706  type of request is get or post
2022-10-25 12:12:37,706  methods is post and add Send-Time, url, data, timeout
2022-10-25 12:12:37,707  try for request
2022-10-25 12:12:39,772  connection error
2022-10-25 12:12:44,781  start send to server
2022-10-25 12:12:44,782  type of request is get or post
2022-10-25 12:12:44,782  methods is post and add Send-Time, url, data, timeout
2022-10-25 12:12:44,782  try for request
2022-10-25 12:12:46,839  connection error
2022-10-25 12:12:51,854  start send to server
2022-10-25 12:12:51,855  type of request is get or post
2022-10-25 12:12:51,855  methods is post and add Send-Time, url, data, timeout
2022-10-25 12:12:51,855  try for request
2022-10-25 12:12:53,925  connection error
2022-10-25 12:12:58,928  start send to server
2022-10-25 12:12:58,929  type of request is get or post
2022-10-25 12:12:58,929  methods is post and add Send-Time, url, data, timeout
2022-10-25 12:12:58,929  try for request
2022-10-25 12:13:00,985  connection error
2022-10-25 12:13:05,995  start send to server
2022-10-25 12:13:05,996  type of request is get or post
2022-10-25 12:13:05,996  methods is post and add Send-Time, url, data, timeout
2022-10-25 12:13:05,996  try for request
2022-10-25 12:13:08,049  connection error
2022-10-25 12:13:13,060  start send to server
2022-10-25 12:13:13,061  type of request is get or post
2022-10-25 12:13:13,061  methods is post and add Send-Time, url, data, timeout
2022-10-25 12:13:13,061  try for request
2022-10-25 12:13:15,127  connection error
2022-10-25 12:13:20,134  start send to server
2022-10-25 12:13:20,134  type of request is get or post
2022-10-25 12:13:20,134  methods is post and add Send-Time, url, data, timeout
2022-10-25 12:13:20,134  try for request
2022-10-25 12:13:22,189  connection error
2022-10-25 12:13:27,194  start send to server
2022-10-25 12:13:27,195  type of request is get or post
2022-10-25 12:13:27,195  methods is post and add Send-Time, url, data, timeout
2022-10-25 12:13:27,195  try for request
2022-10-25 12:13:29,262  connection error
2022-10-25 12:13:34,271  start send to server
2022-10-25 12:13:34,272  type of request is get or post
2022-10-25 12:13:34,272  methods is post and add Send-Time, url, data, timeout
2022-10-25 12:13:34,273  try for request
2022-10-25 12:13:36,311  connection error
2022-10-25 12:13:41,325  start send to server
2022-10-25 12:13:41,325  type of request is get or post
2022-10-25 12:13:41,327  methods is post and add Send-Time, url, data, timeout
2022-10-25 12:13:41,327  try for request
2022-10-25 12:13:43,378  connection error
2022-10-25 12:13:48,384  start send to server
2022-10-25 12:13:48,384  type of request is get or post
2022-10-25 12:13:48,384  methods is post and add Send-Time, url, data, timeout
2022-10-25 12:13:48,384  try for request
2022-10-25 12:13:50,423  connection error
2022-10-25 12:13:55,430  start send to server
2022-10-25 12:13:55,430  type of request is get or post
2022-10-25 12:13:55,430  methods is post and add Send-Time, url, data, timeout
2022-10-25 12:13:55,430  try for request
2022-10-25 12:14:00,453  read time out error
2022-10-25 12:14:05,461  start send to server
2022-10-25 12:14:05,461  type of request is get or post
2022-10-25 12:14:05,461  methods is post and add Send-Time, url, data, timeout
2022-10-25 12:14:05,462  try for request
2022-10-25 12:14:05,480  status code is 200 and everything is oK
2022-10-25 12:14:05,500  start send to server
2022-10-25 12:14:05,500  type of request is get or post
2022-10-25 12:14:05,500  methods is post and add Send-Time, url, data, timeout
2022-10-25 12:14:05,500  try for request
2022-10-25 12:14:05,526  status code is 200 and everything is oK
2022-10-25 12:15:02,332  start send to server
2022-10-25 12:15:02,332  type of request is get or post
2022-10-25 12:15:02,332  methods is post and add Send-Time, url, data, timeout
2022-10-25 12:15:02,332  try for request
2022-10-25 12:15:02,357  status code is 200 and everything is oK
2022-10-25 12:15:35,999  start send to server
2022-10-25 12:15:35,999  type of request is get or post
2022-10-25 12:15:35,999  methods is post and add Send-Time, url, data, timeout
2022-10-25 12:15:35,999  try for request
2022-10-25 12:15:36,026  status code is 200 and everything is oK
2022-10-25 12:16:01,335  start send to server
2022-10-25 12:16:01,335  type of request is get or post
2022-10-25 12:16:01,335  methods is post and add Send-Time, url, data, timeout
2022-10-25 12:16:01,335  try for request
2022-10-25 12:16:01,343  status code is 200 and everything is oK
2022-10-25 12:17:06,350  start send to server
2022-10-25 12:17:06,350  type of request is get or post
2022-10-25 12:17:06,350  methods is post and add Send-Time, url, data, timeout
2022-10-25 12:17:06,350  try for request
2022-10-25 12:17:06,360  status code is 200 and everything is oK
2022-10-25 12:18:01,394  start send to server
2022-10-25 12:18:01,394  type of request is get or post
2022-10-25 12:18:01,394  methods is post and add Send-Time, url, data, timeout
2022-10-25 12:18:01,394  try for request
2022-10-25 12:18:01,412  status code is 200 and everything is oK
2022-10-25 12:19:02,321  start send to server
2022-10-25 12:19:02,322  type of request is get or post
2022-10-25 12:19:02,322  methods is post and add Send-Time, url, data, timeout
2022-10-25 12:19:02,322  try for request
2022-10-25 12:19:02,330  status code is 200 and everything is oK
2022-10-25 12:20:02,323  start send to server
2022-10-25 12:20:02,323  type of request is get or post
2022-10-25 12:20:02,323  methods is post and add Send-Time, url, data, timeout
2022-10-25 12:20:02,323  try for request
2022-10-25 12:20:02,343  status code is 200 and everything is oK
2022-10-25 12:21:02,330  start send to server
2022-10-25 12:21:02,330  type of request is get or post
2022-10-25 12:21:02,330  methods is post and add Send-Time, url, data, timeout
2022-10-25 12:21:02,330  try for request
2022-10-25 12:21:02,353  status code is 200 and everything is oK
2022-10-25 12:21:38,370  start send to server
2022-10-25 12:21:38,370  type of request is get or post
2022-10-25 12:21:38,371  methods is post and add Send-Time, url, data, timeout
2022-10-25 12:21:38,371  try for request
2022-10-25 12:21:38,378  status code is 200 and everything is oK
2022-10-25 12:22:01,312  start send to server
2022-10-25 12:22:01,312  type of request is get or post
2022-10-25 12:22:01,312  methods is post and add Send-Time, url, data, timeout
2022-10-25 12:22:01,312  try for request
2022-10-25 12:22:01,320  status code is 200 and everything is oK
2022-10-25 12:23:01,322  start send to server
2022-10-25 12:23:01,322  type of request is get or post
2022-10-25 12:23:01,322  methods is post and add Send-Time, url, data, timeout
2022-10-25 12:23:01,322  try for request
2022-10-25 12:23:01,351  status code is 200 and everything is oK
2022-10-25 12:24:02,309  start send to server
2022-10-25 12:24:02,309  type of request is get or post
2022-10-25 12:24:02,309  methods is post and add Send-Time, url, data, timeout
2022-10-25 12:24:02,309  try for request
2022-10-25 12:24:02,333  status code is 200 and everything is oK
2022-10-25 12:25:01,562  start send to server
2022-10-25 12:25:01,562  type of request is get or post
2022-10-25 12:25:01,562  methods is post and add Send-Time, url, data, timeout
2022-10-25 12:25:01,562  try for request
2022-10-25 12:25:01,570  status code is 200 and everything is oK
2022-10-25 12:26:02,337  start send to server
2022-10-25 12:26:02,337  type of request is get or post
2022-10-25 12:26:02,337  methods is post and add Send-Time, url, data, timeout
2022-10-25 12:26:02,337  try for request
2022-10-25 12:26:02,362  status code is 200 and everything is oK
2022-10-25 12:27:01,329  start send to server
2022-10-25 12:27:01,329  type of request is get or post
2022-10-25 12:27:01,329  methods is post and add Send-Time, url, data, timeout
2022-10-25 12:27:01,329  try for request
2022-10-25 12:27:01,356  status code is 200 and everything is oK
2022-10-25 12:27:31,420  start send to server
2022-10-25 12:27:31,420  type of request is get or post
2022-10-25 12:27:31,420  methods is post and add Send-Time, url, data, timeout
2022-10-25 12:27:31,421  try for request
2022-10-25 12:27:32,073  status code is 200 and everything is oK
2022-10-25 12:28:01,308  start send to server
2022-10-25 12:28:01,308  type of request is get or post
2022-10-25 12:28:01,308  methods is post and add Send-Time, url, data, timeout
2022-10-25 12:28:01,308  try for request
2022-10-25 12:28:01,317  status code is 200 and everything is oK
2022-10-25 12:29:01,314  start send to server
2022-10-25 12:29:01,314  type of request is get or post
2022-10-25 12:29:01,314  methods is post and add Send-Time, url, data, timeout
2022-10-25 12:29:01,314  try for request
2022-10-25 12:29:01,331  status code is 200 and everything is oK
2022-10-25 12:30:01,310  start send to server
2022-10-25 12:30:01,310  type of request is get or post
2022-10-25 12:30:01,311  methods is post and add Send-Time, url, data, timeout
2022-10-25 12:30:01,311  try for request
2022-10-25 12:30:05,356  status code is 200 and everything is oK
2022-10-25 12:30:10,921  start send to server
2022-10-25 12:30:10,922  type of request is get or post
2022-10-25 12:30:10,922  methods is post and add Send-Time, url, data, timeout
2022-10-25 12:30:10,922  try for request
2022-10-25 12:30:10,929  status code is 200 and everything is oK
2022-10-25 12:31:01,311  start send to server
2022-10-25 12:31:01,311  type of request is get or post
2022-10-25 12:31:01,311  methods is post and add Send-Time, url, data, timeout
2022-10-25 12:31:01,311  try for request
2022-10-25 12:31:03,371  connection error
2022-10-25 12:31:08,374  start send to server
2022-10-25 12:31:08,375  type of request is get or post
2022-10-25 12:31:08,375  methods is post and add Send-Time, url, data, timeout
2022-10-25 12:31:08,375  try for request
2022-10-25 12:31:10,439  connection error
2022-10-25 12:31:15,447  start send to server
2022-10-25 12:31:15,447  type of request is get or post
2022-10-25 12:31:15,447  methods is post and add Send-Time, url, data, timeout
2022-10-25 12:31:15,447  try for request
2022-10-25 12:31:17,492  connection error
2022-10-25 12:31:22,507  start send to server
2022-10-25 12:31:22,507  type of request is get or post
2022-10-25 12:31:22,508  methods is post and add Send-Time, url, data, timeout
2022-10-25 12:31:22,508  try for request
2022-10-25 12:31:23,539  status code is 200 and everything is oK
2022-10-25 12:32:01,316  start send to server
2022-10-25 12:32:01,316  type of request is get or post
2022-10-25 12:32:01,317  methods is post and add Send-Time, url, data, timeout
2022-10-25 12:32:01,317  try for request
2022-10-25 12:32:03,374  connection error
2022-10-25 12:32:08,381  start send to server
2022-10-25 12:32:08,381  type of request is get or post
2022-10-25 12:32:08,381  methods is post and add Send-Time, url, data, timeout
2022-10-25 12:32:08,381  try for request
2022-10-25 12:32:14,184  status code is 200 and everything is oK
2022-10-25 12:33:02,309  start send to server
2022-10-25 12:33:02,309  type of request is get or post
2022-10-25 12:33:02,309  methods is post and add Send-Time, url, data, timeout
2022-10-25 12:33:02,309  try for request
2022-10-25 12:33:02,333  status code is 200 and everything is oK
2022-10-25 12:34:02,320  start send to server
2022-10-25 12:34:02,320  type of request is get or post
2022-10-25 12:34:02,320  methods is post and add Send-Time, url, data, timeout
2022-10-25 12:34:02,320  try for request
2022-10-25 12:34:02,339  status code is 200 and everything is oK
2022-10-25 12:35:02,320  start send to server
2022-10-25 12:35:02,320  type of request is get or post
2022-10-25 12:35:02,320  methods is post and add Send-Time, url, data, timeout
2022-10-25 12:35:02,320  try for request
2022-10-25 12:35:02,337  status code is 200 and everything is oK
2022-10-25 12:36:02,298  start send to server
2022-10-25 12:36:02,298  type of request is get or post
2022-10-25 12:36:02,298  methods is post and add Send-Time, url, data, timeout
2022-10-25 12:36:02,298  try for request
2022-10-25 12:36:02,307  status code is 200 and everything is oK
2022-10-25 12:37:02,323  start send to server
2022-10-25 12:37:02,323  type of request is get or post
2022-10-25 12:37:02,323  methods is post and add Send-Time, url, data, timeout
2022-10-25 12:37:02,323  try for request
2022-10-25 12:37:02,343  status code is 200 and everything is oK
2022-10-25 12:38:16,322  start send to server
2022-10-25 12:38:16,322  type of request is get or post
2022-10-25 12:38:16,322  methods is post and add Send-Time, url, data, timeout
2022-10-25 12:38:16,322  try for request
2022-10-25 12:38:16,342  status code is 200 and everything is oK
2022-10-25 12:39:16,299  start send to server
2022-10-25 12:39:16,299  type of request is get or post
2022-10-25 12:39:16,299  methods is post and add Send-Time, url, data, timeout
2022-10-25 12:39:16,299  try for request
2022-10-25 12:39:16,317  status code is 200 and everything is oK
2022-10-25 12:40:16,304  start send to server
2022-10-25 12:40:16,305  type of request is get or post
2022-10-25 12:40:16,305  methods is post and add Send-Time, url, data, timeout
2022-10-25 12:40:16,305  try for request
2022-10-25 12:40:16,328  status code is 200 and everything is oK
2022-10-25 12:41:16,304  start send to server
2022-10-25 12:41:16,304  type of request is get or post
2022-10-25 12:41:16,304  methods is post and add Send-Time, url, data, timeout
2022-10-25 12:41:16,304  try for request
2022-10-25 12:41:18,348  connection error
2022-10-25 12:41:23,355  start send to server
2022-10-25 12:41:23,355  type of request is get or post
2022-10-25 12:41:23,355  methods is post and add Send-Time, url, data, timeout
2022-10-25 12:41:23,355  try for request
2022-10-25 12:41:25,420  connection error
2022-10-25 12:41:30,432  start send to server
2022-10-25 12:41:30,433  type of request is get or post
2022-10-25 12:41:30,433  methods is post and add Send-Time, url, data, timeout
2022-10-25 12:41:30,433  try for request
2022-10-25 12:41:32,474  connection error
2022-10-25 12:41:37,485  start send to server
2022-10-25 12:41:37,485  type of request is get or post
2022-10-25 12:41:37,485  methods is post and add Send-Time, url, data, timeout
2022-10-25 12:41:37,485  try for request
2022-10-25 12:41:39,508  connection error
2022-10-25 12:41:44,511  start send to server
2022-10-25 12:41:44,514  type of request is get or post
2022-10-25 12:41:44,514  methods is post and add Send-Time, url, data, timeout
2022-10-25 12:41:44,514  try for request
2022-10-25 12:41:46,566  connection error
2022-10-25 12:41:51,572  start send to server
2022-10-25 12:41:51,572  type of request is get or post
2022-10-25 12:41:51,572  methods is post and add Send-Time, url, data, timeout
2022-10-25 12:41:51,572  try for request
2022-10-25 12:41:53,613  connection error
2022-10-25 12:41:58,623  start send to server
2022-10-25 12:41:58,624  type of request is get or post
2022-10-25 12:41:58,624  methods is post and add Send-Time, url, data, timeout
2022-10-25 12:41:58,624  try for request
2022-10-25 12:42:00,686  connection error
2022-10-25 12:42:05,688  start send to server
2022-10-25 12:42:05,688  type of request is get or post
2022-10-25 12:42:05,688  methods is post and add Send-Time, url, data, timeout
2022-10-25 12:42:05,688  try for request
2022-10-25 12:42:07,757  connection error
2022-10-25 12:42:12,772  start send to server
2022-10-25 12:42:12,772  type of request is get or post
2022-10-25 12:42:12,772  methods is post and add Send-Time, url, data, timeout
2022-10-25 12:42:12,772  try for request
2022-10-25 12:42:14,378  status code is 200 and everything is oK
2022-10-25 12:42:14,394  start send to server
2022-10-25 12:42:14,394  type of request is get or post
2022-10-25 12:42:14,394  methods is post and add Send-Time, url, data, timeout
2022-10-25 12:42:14,394  try for request
2022-10-25 12:42:14,398  status code is 200 and everything is oK
2022-10-25 12:43:01,301  start send to server
2022-10-25 12:43:01,301  type of request is get or post
2022-10-25 12:43:01,301  methods is post and add Send-Time, url, data, timeout
2022-10-25 12:43:01,301  try for request
2022-10-25 12:43:01,307  status code is 200 and everything is oK
2022-10-25 12:44:02,315  start send to server
2022-10-25 12:44:02,315  type of request is get or post
2022-10-25 12:44:02,315  methods is post and add Send-Time, url, data, timeout
2022-10-25 12:44:02,315  try for request
2022-10-25 12:44:02,336  status code is 200 and everything is oK
2022-10-25 12:45:01,298  start send to server
2022-10-25 12:45:01,298  type of request is get or post
2022-10-25 12:45:01,298  methods is post and add Send-Time, url, data, timeout
2022-10-25 12:45:01,298  try for request
2022-10-25 12:45:01,315  status code is 200 and everything is oK
2022-10-25 12:46:01,305  start send to server
2022-10-25 12:46:01,305  type of request is get or post
2022-10-25 12:46:01,305  methods is post and add Send-Time, url, data, timeout
2022-10-25 12:46:01,305  try for request
2022-10-25 12:46:01,310  status code is 200 and everything is oK
2022-10-25 12:47:02,303  start send to server
2022-10-25 12:47:02,303  type of request is get or post
2022-10-25 12:47:02,303  methods is post and add Send-Time, url, data, timeout
2022-10-25 12:47:02,303  try for request
2022-10-25 12:47:02,307  status code is 200 and everything is oK
2022-10-25 12:48:16,297  start send to server
2022-10-25 12:48:16,297  type of request is get or post
2022-10-25 12:48:16,297  methods is post and add Send-Time, url, data, timeout
2022-10-25 12:48:16,297  try for request
2022-10-25 12:48:16,320  status code is 200 and everything is oK
2022-10-25 12:49:16,297  start send to server
2022-10-25 12:49:16,297  type of request is get or post
2022-10-25 12:49:16,297  methods is post and add Send-Time, url, data, timeout
2022-10-25 12:49:16,297  try for request
2022-10-25 12:49:16,320  status code is 200 and everything is oK
2022-10-25 12:50:16,293  start send to server
2022-10-25 12:50:16,293  type of request is get or post
2022-10-25 12:50:16,293  methods is post and add Send-Time, url, data, timeout
2022-10-25 12:50:16,293  try for request
2022-10-25 12:50:16,298  status code is 200 and everything is oK
2022-10-25 12:51:09,675  start send to server
2022-10-25 12:51:09,675  type of request is get or post
2022-10-25 12:51:09,675  methods is post and add Send-Time, url, data, timeout
2022-10-25 12:51:09,675  try for request
2022-10-25 12:51:09,690  status code is 200 and everything is oK
2022-10-25 12:52:02,324  start send to server
2022-10-25 12:52:02,324  type of request is get or post
2022-10-25 12:52:02,324  methods is post and add Send-Time, url, data, timeout
2022-10-25 12:52:02,324  try for request
2022-10-25 12:52:02,344  status code is 200 and everything is oK
2022-10-25 12:53:01,297  start send to server
2022-10-25 12:53:01,297  type of request is get or post
2022-10-25 12:53:01,297  methods is post and add Send-Time, url, data, timeout
2022-10-25 12:53:01,297  try for request
2022-10-25 12:53:01,302  status code is 200 and everything is oK
2022-10-25 12:54:01,305  start send to server
2022-10-25 12:54:01,305  type of request is get or post
2022-10-25 12:54:01,305  methods is post and add Send-Time, url, data, timeout
2022-10-25 12:54:01,305  try for request
2022-10-25 12:54:01,329  status code is 200 and everything is oK
2022-10-25 12:55:02,291  start send to server
2022-10-25 12:55:02,291  type of request is get or post
2022-10-25 12:55:02,291  methods is post and add Send-Time, url, data, timeout
2022-10-25 12:55:02,291  try for request
2022-10-25 12:55:02,310  status code is 200 and everything is oK
